{"C:\\Users\\USER\\Desktop\\capstone-project-2\\__mock__\\counter.js": {"path":"C:\\Users\\USER\\Desktop\\capstone-project-2\\__mock__\\counter.js","statementMap":{"0":{"start":{"line":1,"column":16},"end":{"line":4,"column":1}},"1":{"start":{"line":2,"column":16},"end":{"line":2,"column":66}},"2":{"start":{"line":3,"column":2},"end":{"line":3,"column":22}}},"fnMap":{"0":{"name":"(anonymous_0)","decl":{"start":{"line":1,"column":16},"end":{"line":1,"column":17}},"loc":{"start":{"line":1,"column":22},"end":{"line":4,"column":1}},"line":1}},"branchMap":{},"s":{"0":1,"1":1,"2":1},"f":{"0":1},"b":{},"_coverageSchema":"1a1c01bbd47fc00a2c39e90264f33305004495a9","hash":"db4d9e45f25b7bbf8a2f6a993db1b92377b712db"}
,"C:\\Users\\USER\\Desktop\\capstone-project-2\\__mock__\\styleMock.js": {"path":"C:\\Users\\USER\\Desktop\\capstone-project-2\\__mock__\\styleMock.js","statementMap":{"0":{"start":{"line":1,"column":24},"end":{"line":4,"column":1}},"1":{"start":{"line":2,"column":20},"end":{"line":2,"column":31}},"2":{"start":{"line":3,"column":2},"end":{"line":3,"column":40}}},"fnMap":{"0":{"name":"(anonymous_0)","decl":{"start":{"line":1,"column":24},"end":{"line":1,"column":25}},"loc":{"start":{"line":1,"column":42},"end":{"line":4,"column":1}},"line":1}},"branchMap":{},"s":{"0":1,"1":1,"2":1},"f":{"0":1},"b":{},"_coverageSchema":"1a1c01bbd47fc00a2c39e90264f33305004495a9","hash":"e52d191d9a096ac50e2b79a50c7d13021c455af8"}
}
